<?xml version="1.0" encoding="UTF-8"?>
<testng-results ignored="0" total="2" passed="2" failed="0" skipped="0">
  <reporter-output>
  </reporter-output>
  <suite started-at="2022-04-29T15:50:48 IST" name="Default suite" finished-at="2022-04-29T15:51:07 IST" duration-ms="18908">
    <groups>
    </groups>
    <test started-at="2022-04-29T15:50:48 IST" name="Default test" finished-at="2022-04-29T15:51:07 IST" duration-ms="18908">
      <class name="testNG_pack.LetsTakeScreenShot">
        <test-method signature="launch()[pri:0, instance:testNG_pack.LetsTakeScreenShot@7bd4937b]" started-at="2022-04-29T15:50:48 IST" name="launch" finished-at="2022-04-29T15:51:07 IST" duration-ms="18714" status="PASS">
          <reporter-output>
          </reporter-output>
        </test-method> <!-- launch -->
        <test-method signature="screenshot()[pri:0, instance:testNG_pack.LetsTakeScreenShot@7bd4937b]" started-at="2022-04-29T15:51:07 IST" name="screenshot" finished-at="2022-04-29T15:51:07 IST" duration-ms="155" status="PASS">
          <reporter-output>
          </reporter-output>
        </test-method> <!-- screenshot -->
      </class> <!-- testNG_pack.LetsTakeScreenShot -->
    </test> <!-- Default test -->
  </suite> <!-- Default suite -->
</testng-results>
